app/build/intermediates/manifest_merge_blame_file/debug/manifest-merger-blame-debug-report.txt
1<?xml version="1.0" encoding="utf-8"?>
2<manifest xmlns:android="http://schemas.android.com/apk/res/android"
3    package="com.application.takeacoffee"
4    android:versionCode="1"
5    android:versionName="1.0" > <!-- PREV minSdk 13 -->
6    <uses-sdk
6-->src/main/AndroidManifest.xml:7:5-9:41
7        android:minSdkVersion="21"
7-->src/main/AndroidManifest.xml:8:9-35
8        android:targetSdkVersion="30" />
8-->src/main/AndroidManifest.xml:9:9-38
9
10    <uses-feature android:name="android.hardware.camera" />
10-->src/main/AndroidManifest.xml:11:5-60
10-->src/main/AndroidManifest.xml:11:19-57
11    <uses-feature
11-->src/main/AndroidManifest.xml:12:5-14:38
12        android:glEsVersion="0x00020000"
12-->src/main/AndroidManifest.xml:13:13-45
13        android:required="true" />
13-->src/main/AndroidManifest.xml:14:13-36
14
15    <uses-permission android:name="android.permission.INTERNET" />
15-->src/main/AndroidManifest.xml:15:5-66
15-->src/main/AndroidManifest.xml:15:22-64
16    <uses-permission android:name="android.permission.CAMERA" />
16-->src/main/AndroidManifest.xml:16:5-64
16-->src/main/AndroidManifest.xml:16:22-62
17    <uses-permission android:name="android.permission.VIBRATE" />
17-->src/main/AndroidManifest.xml:17:5-66
17-->src/main/AndroidManifest.xml:17:22-63
18    <uses-permission android:name="android.permission.ACCESS_NETWORK_STATE" />
18-->src/main/AndroidManifest.xml:18:5-78
18-->src/main/AndroidManifest.xml:18:22-76
19    <uses-permission android:name="android.permission.WRITE_EXTERNAL_STORAGE" />
19-->src/main/AndroidManifest.xml:19:5-80
19-->src/main/AndroidManifest.xml:19:22-78
20    <!--
21         The following two permissions are not required to use
22         Google Maps Android API v2, but are recommended.
23    -->
24    <uses-permission android:name="android.permission.ACCESS_COARSE_LOCATION" />
24-->src/main/AndroidManifest.xml:22:5-80
24-->src/main/AndroidManifest.xml:22:22-78
25    <uses-permission android:name="android.permission.ACCESS_FINE_LOCATION" />
25-->src/main/AndroidManifest.xml:23:5-78
25-->src/main/AndroidManifest.xml:23:22-76
26    <!-- GOOGLE + api -->
27    <uses-permission android:name="android.permission.GET_ACCOUNTS" />
27-->src/main/AndroidManifest.xml:25:5-71
27-->src/main/AndroidManifest.xml:25:22-68
28    <uses-permission android:name="android.permission.USE_CREDENTIALS" />
28-->src/main/AndroidManifest.xml:26:5-74
28-->src/main/AndroidManifest.xml:26:22-71
29
30    <queries>
30-->[com.google.android.gms:play-services-maps:17.0.1] AndroidManifest.xml:30:5-34:15
31
32        <!-- Needs to be explicitly declared on Android R+ -->
33        <package android:name="com.google.android.apps.maps" />
33-->[com.google.android.gms:play-services-maps:17.0.1] AndroidManifest.xml:33:9-64
33-->[com.google.android.gms:play-services-maps:17.0.1] AndroidManifest.xml:33:18-61
34    </queries> <!-- Required by older versions of Google Play services to create GCM registration tokens -->
35    <uses-permission android:name="com.google.android.c2dm.permission.RECEIVE" />
35-->[com.google.android.gms:play-services-gcm:17.0.0] AndroidManifest.xml:23:5-82
35-->[com.google.android.gms:play-services-gcm:17.0.0] AndroidManifest.xml:23:22-79
36    <uses-permission android:name="android.permission.WAKE_LOCK" />
36-->[com.google.android.gms:play-services-measurement:19.0.0] AndroidManifest.xml:25:5-68
36-->[com.google.android.gms:play-services-measurement:19.0.0] AndroidManifest.xml:25:22-65
37    <uses-permission android:name="com.google.android.finsky.permission.BIND_GET_INSTALL_REFERRER_SERVICE" />
37-->[com.google.android.gms:play-services-measurement:19.0.0] AndroidManifest.xml:26:5-110
37-->[com.google.android.gms:play-services-measurement:19.0.0] AndroidManifest.xml:26:22-107
38
39    <application
39-->src/main/AndroidManifest.xml:28:5-69:19
40        android:name="com.application.datastorage.DataStorageApplication"
40-->src/main/AndroidManifest.xml:29:13-78
41        android:allowBackup="true"
41-->src/main/AndroidManifest.xml:30:13-39
42        android:appComponentFactory="androidx.core.app.CoreComponentFactory"
42-->[androidx.core:core:1.5.0] AndroidManifest.xml:24:18-86
43        android:debuggable="true"
44        android:icon="@drawable/ic_launcher"
44-->src/main/AndroidManifest.xml:31:13-49
45        android:label="@string/app_name"
45-->src/main/AndroidManifest.xml:32:13-45
46        android:testOnly="true"
47        android:theme="@android:style/Theme.Holo.Light.DarkActionBar" >
47-->src/main/AndroidManifest.xml:33:13-74
48
49        <!-- SPLASH SCREEN activity -->
50        <activity
50-->src/main/AndroidManifest.xml:36:9-45:20
51            android:name="com.application.takeacoffee.SplashScreenActivity"
51-->src/main/AndroidManifest.xml:37:17-80
52            android:label="@string/app_name"
52-->src/main/AndroidManifest.xml:38:17-49
53            android:screenOrientation="portrait"
53-->src/main/AndroidManifest.xml:39:17-53
54            android:theme="@android:style/Theme.Holo.NoActionBar" >
54-->src/main/AndroidManifest.xml:40:17-70
55            <intent-filter>
55-->src/main/AndroidManifest.xml:41:13-44:29
56                <action android:name="android.intent.action.MAIN" />
56-->src/main/AndroidManifest.xml:42:17-69
56-->src/main/AndroidManifest.xml:42:25-66
57
58                <category android:name="android.intent.category.LAUNCHER" />
58-->src/main/AndroidManifest.xml:43:17-77
58-->src/main/AndroidManifest.xml:43:27-74
59            </intent-filter>
60        </activity>
61
62        <!-- MAIN activity -->
63        <activity
63-->src/main/AndroidManifest.xml:48:9-53:20
64            android:name="com.application.takeacoffee.CoffeeMachineActivity"
64-->src/main/AndroidManifest.xml:49:13-77
65            android:configChanges="orientation"
65-->src/main/AndroidManifest.xml:50:13-48
66            android:label="@string/app_name"
66-->src/main/AndroidManifest.xml:52:13-45
67            android:screenOrientation="portrait" >
67-->src/main/AndroidManifest.xml:51:13-49
68        </activity>
69        <activity
69-->src/main/AndroidManifest.xml:55:9-57:54
70            android:name="com.application.takeacoffee.AddReviewActivity"
70-->src/main/AndroidManifest.xml:55:19-79
71            android:label="@string/app_name"
71-->src/main/AndroidManifest.xml:57:19-51
72            android:screenOrientation="portrait" />
72-->src/main/AndroidManifest.xml:56:19-55
73
74        <!-- <activity android:name="com.facebook.LoginActivity" -->
75        <!-- android:theme="@android:style/Theme.Translucent.NoTitleBar" -->
76        <!-- android:label="@string/app_name" /> -->
77
78        <meta-data
78-->src/main/AndroidManifest.xml:64:9-66:73
79            android:name="com.google.android.gms.version"
79-->src/main/AndroidManifest.xml:65:17-62
80            android:value="@integer/google_play_services_version" />
80-->src/main/AndroidManifest.xml:66:17-70
81        <meta-data
81-->src/main/AndroidManifest.xml:67:9-99
82            android:name="com.facebook.sdk.ApplicationId"
82-->src/main/AndroidManifest.xml:67:20-65
83            android:value="@string/app_id" />
83-->src/main/AndroidManifest.xml:67:66-96
84        <meta-data
84-->src/main/AndroidManifest.xml:68:9-128
85            android:name="com.google.android.maps.v2.API_KEY"
85-->src/main/AndroidManifest.xml:68:20-69
86            android:value="AIzaSyAN2FjTl5Hb3kARRyxGkcFR0rc_fKxFga8" />
86-->src/main/AndroidManifest.xml:68:70-125
87
88        <service
88-->[com.google.firebase:firebase-database-ktx:20.0.0] AndroidManifest.xml:12:9-18:19
89            android:name="com.google.firebase.components.ComponentDiscoveryService"
89-->[com.google.firebase:firebase-database-ktx:20.0.0] AndroidManifest.xml:13:13-84
90            android:directBootAware="true"
90-->[com.google.firebase:firebase-common:20.0.0] AndroidManifest.xml:35:13-43
91            android:exported="false" >
91-->[com.google.firebase:firebase-database-ktx:20.0.0] AndroidManifest.xml:14:13-37
92            <meta-data
92-->[com.google.firebase:firebase-database-ktx:20.0.0] AndroidManifest.xml:15:13-17:85
93                android:name="com.google.firebase.components:com.google.firebase.database.ktx.FirebaseDatabaseKtxRegistrar"
93-->[com.google.firebase:firebase-database-ktx:20.0.0] AndroidManifest.xml:16:17-124
94                android:value="com.google.firebase.components.ComponentRegistrar" />
94-->[com.google.firebase:firebase-database-ktx:20.0.0] AndroidManifest.xml:17:17-82
95            <meta-data
95-->[com.google.firebase:firebase-auth-ktx:19.4.0] AndroidManifest.xml:11:13-13:85
96                android:name="com.google.firebase.components:com.google.firebase.auth.ktx.FirebaseAuthKtxRegistrar"
96-->[com.google.firebase:firebase-auth-ktx:19.4.0] AndroidManifest.xml:12:17-116
97                android:value="com.google.firebase.components.ComponentRegistrar" />
97-->[com.google.firebase:firebase-auth-ktx:19.4.0] AndroidManifest.xml:13:17-82
98            <meta-data
98-->[com.google.firebase:firebase-common-ktx:20.0.0] AndroidManifest.xml:15:13-17:85
99                android:name="com.google.firebase.components:com.google.firebase.ktx.FirebaseCommonKtxRegistrar"
99-->[com.google.firebase:firebase-common-ktx:20.0.0] AndroidManifest.xml:16:17-113
100                android:value="com.google.firebase.components.ComponentRegistrar" />
100-->[com.google.firebase:firebase-common-ktx:20.0.0] AndroidManifest.xml:17:17-82
101            <meta-data
101-->[com.google.firebase:firebase-database:20.0.0] AndroidManifest.xml:32:13-34:85
102                android:name="com.google.firebase.components:com.google.firebase.database.DatabaseRegistrar"
102-->[com.google.firebase:firebase-database:20.0.0] AndroidManifest.xml:33:17-109
103                android:value="com.google.firebase.components.ComponentRegistrar" />
103-->[com.google.firebase:firebase-database:20.0.0] AndroidManifest.xml:34:17-82
104            <meta-data
104-->[com.google.firebase:firebase-auth:19.4.0] AndroidManifest.xml:36:13-38:85
105                android:name="com.google.firebase.components:com.google.firebase.auth.FirebaseAuthRegistrar"
105-->[com.google.firebase:firebase-auth:19.4.0] AndroidManifest.xml:37:17-109
106                android:value="com.google.firebase.components.ComponentRegistrar" />
106-->[com.google.firebase:firebase-auth:19.4.0] AndroidManifest.xml:38:17-82
107            <meta-data
107-->[com.google.android.gms:play-services-measurement-api:19.0.0] AndroidManifest.xml:30:13-32:85
108                android:name="com.google.firebase.components:com.google.firebase.analytics.connector.internal.AnalyticsConnectorRegistrar"
108-->[com.google.android.gms:play-services-measurement-api:19.0.0] AndroidManifest.xml:31:17-139
109                android:value="com.google.firebase.components.ComponentRegistrar" />
109-->[com.google.android.gms:play-services-measurement-api:19.0.0] AndroidManifest.xml:32:17-82
110            <meta-data
110-->[com.google.firebase:firebase-installations:17.0.0] AndroidManifest.xml:18:13-20:85
111                android:name="com.google.firebase.components:com.google.firebase.installations.FirebaseInstallationsRegistrar"
111-->[com.google.firebase:firebase-installations:17.0.0] AndroidManifest.xml:19:17-127
112                android:value="com.google.firebase.components.ComponentRegistrar" />
112-->[com.google.firebase:firebase-installations:17.0.0] AndroidManifest.xml:20:17-82
113        </service> <!-- Needs to be explicitly declared on P+ -->
114        <uses-library
114-->[com.google.android.gms:play-services-maps:17.0.1] AndroidManifest.xml:39:9-41:40
115            android:name="org.apache.http.legacy"
115-->[com.google.android.gms:play-services-maps:17.0.1] AndroidManifest.xml:40:13-50
116            android:required="false" />
116-->[com.google.android.gms:play-services-maps:17.0.1] AndroidManifest.xml:41:13-37
117
118        <activity
118-->[com.google.android.gms:play-services-auth:19.0.0] AndroidManifest.xml:23:9-27:75
119            android:name="com.google.android.gms.auth.api.signin.internal.SignInHubActivity"
119-->[com.google.android.gms:play-services-auth:19.0.0] AndroidManifest.xml:24:13-93
120            android:excludeFromRecents="true"
120-->[com.google.android.gms:play-services-auth:19.0.0] AndroidManifest.xml:25:13-46
121            android:exported="false"
121-->[com.google.android.gms:play-services-auth:19.0.0] AndroidManifest.xml:26:13-37
122            android:theme="@android:style/Theme.Translucent.NoTitleBar" />
122-->[com.google.android.gms:play-services-auth:19.0.0] AndroidManifest.xml:27:13-72
123        <!--
124            Service handling Google Sign-In user revocation. For apps that do not integrate with
125            Google Sign-In, this service will never be started.
126        -->
127        <service
127-->[com.google.android.gms:play-services-auth:19.0.0] AndroidManifest.xml:33:9-37:51
128            android:name="com.google.android.gms.auth.api.signin.RevocationBoundService"
128-->[com.google.android.gms:play-services-auth:19.0.0] AndroidManifest.xml:34:13-89
129            android:exported="true"
129-->[com.google.android.gms:play-services-auth:19.0.0] AndroidManifest.xml:35:13-36
130            android:permission="com.google.android.gms.auth.api.signin.permission.REVOCATION_NOTIFICATION"
130-->[com.google.android.gms:play-services-auth:19.0.0] AndroidManifest.xml:36:13-107
131            android:visibleToInstantApps="true" />
131-->[com.google.android.gms:play-services-auth:19.0.0] AndroidManifest.xml:37:13-48
132
133        <activity
133-->[com.google.firebase:firebase-auth:19.4.0] AndroidManifest.xml:24:9-31:50
134            android:name="com.google.firebase.auth.internal.FederatedSignInActivity"
134-->[com.google.firebase:firebase-auth:19.4.0] AndroidManifest.xml:25:13-85
135            android:excludeFromRecents="true"
135-->[com.google.firebase:firebase-auth:19.4.0] AndroidManifest.xml:26:13-46
136            android:exported="true"
136-->[com.google.firebase:firebase-auth:19.4.0] AndroidManifest.xml:27:13-36
137            android:launchMode="singleTask"
137-->[com.google.firebase:firebase-auth:19.4.0] AndroidManifest.xml:28:13-44
138            android:permission="com.google.firebase.auth.api.gms.permission.LAUNCH_FEDERATED_SIGN_IN"
138-->[com.google.firebase:firebase-auth:19.4.0] AndroidManifest.xml:29:13-102
139            android:theme="@android:style/Theme.Translucent.NoTitleBar" />
139-->[com.google.firebase:firebase-auth:19.4.0] AndroidManifest.xml:30:13-72
140        <activity
140-->[com.google.android.gms:play-services-base:17.1.0] AndroidManifest.xml:23:9-26:75
141            android:name="com.google.android.gms.common.api.GoogleApiActivity"
141-->[com.google.android.gms:play-services-base:17.1.0] AndroidManifest.xml:24:13-79
142            android:exported="false"
142-->[com.google.android.gms:play-services-base:17.1.0] AndroidManifest.xml:25:13-37
143            android:theme="@android:style/Theme.Translucent.NoTitleBar" />
143-->[com.google.android.gms:play-services-base:17.1.0] AndroidManifest.xml:26:13-72
144
145        <receiver
145-->[com.google.android.gms:play-services-measurement:19.0.0] AndroidManifest.xml:29:9-33:20
146            android:name="com.google.android.gms.measurement.AppMeasurementReceiver"
146-->[com.google.android.gms:play-services-measurement:19.0.0] AndroidManifest.xml:30:13-85
147            android:enabled="true"
147-->[com.google.android.gms:play-services-measurement:19.0.0] AndroidManifest.xml:31:13-35
148            android:exported="false" >
148-->[com.google.android.gms:play-services-measurement:19.0.0] AndroidManifest.xml:32:13-37
149        </receiver>
150
151        <service
151-->[com.google.android.gms:play-services-measurement:19.0.0] AndroidManifest.xml:35:9-38:40
152            android:name="com.google.android.gms.measurement.AppMeasurementService"
152-->[com.google.android.gms:play-services-measurement:19.0.0] AndroidManifest.xml:36:13-84
153            android:enabled="true"
153-->[com.google.android.gms:play-services-measurement:19.0.0] AndroidManifest.xml:37:13-35
154            android:exported="false" />
154-->[com.google.android.gms:play-services-measurement:19.0.0] AndroidManifest.xml:38:13-37
155        <service
155-->[com.google.android.gms:play-services-measurement:19.0.0] AndroidManifest.xml:39:9-43:72
156            android:name="com.google.android.gms.measurement.AppMeasurementJobService"
156-->[com.google.android.gms:play-services-measurement:19.0.0] AndroidManifest.xml:40:13-87
157            android:enabled="true"
157-->[com.google.android.gms:play-services-measurement:19.0.0] AndroidManifest.xml:41:13-35
158            android:exported="false"
158-->[com.google.android.gms:play-services-measurement:19.0.0] AndroidManifest.xml:42:13-37
159            android:permission="android.permission.BIND_JOB_SERVICE" />
159-->[com.google.android.gms:play-services-measurement:19.0.0] AndroidManifest.xml:43:13-69
160
161        <provider
161-->[com.google.firebase:firebase-common:20.0.0] AndroidManifest.xml:26:9-31:39
162            android:name="com.google.firebase.provider.FirebaseInitProvider"
162-->[com.google.firebase:firebase-common:20.0.0] AndroidManifest.xml:27:13-77
163            android:authorities="com.application.takeacoffee.firebaseinitprovider"
163-->[com.google.firebase:firebase-common:20.0.0] AndroidManifest.xml:28:13-72
164            android:directBootAware="true"
164-->[com.google.firebase:firebase-common:20.0.0] AndroidManifest.xml:29:13-43
165            android:exported="false"
165-->[com.google.firebase:firebase-common:20.0.0] AndroidManifest.xml:30:13-37
166            android:initOrder="100" />
166-->[com.google.firebase:firebase-common:20.0.0] AndroidManifest.xml:31:13-36
167    </application>
168
169</manifest>